<?xml version="1.0" encoding="UTF-8"?>
<!-- Generated by org.testng.reporters.JUnitReportReporter -->
<testsuite hostname="REM-LT-210215B" failures="0" tests="1" name="SDET_java_maintenanceUnosquare.sdet_java.AmazonTestCases" time="65.168" errors="0" timestamp="2022-12-20T12:41:13 CST" skipped="0">
  <testcase classname="SDET_java_maintenanceUnosquare.sdet_java.AmazonTestCases" name="amazon_end_to_end_flow" time="65.168"/>
  <system-out/>
</testsuite> <!-- SDET_java_maintenanceUnosquare.sdet_java.AmazonTestCases -->
