<?xml version="1.0" encoding="UTF-8"?>
<!-- Generated by org.testng.reporters.JUnitReportReporter -->
<testsuite hostname="REM-LT-210215B" failures="0" tests="1" name="SDET_java_maintenanceUnosquare.sdet_java.FacebookTestCases" time="9.200" errors="0" timestamp="2022-12-07T13:09:38 CST" skipped="0">
  <testcase classname="SDET_java_maintenanceUnosquare.sdet_java.FacebookTestCases" name="Facebook_TC000" time="9.200"/>
  <system-out/>
</testsuite> <!-- SDET_java_maintenanceUnosquare.sdet_java.FacebookTestCases -->
