<?xml version="1.0" encoding="UTF-8"?>
<!-- Generated by org.testng.reporters.JUnitReportReporter -->
<testsuite hostname="REM-LT-210215B" failures="0" tests="3" name="SDET_java_maintenanceUnosquare.sdet_java.AppleTest" time="75.472" errors="0" timestamp="2022-12-06T14:50:54 CST" skipped="0">
  <testcase classname="SDET_java_maintenanceUnosquare.sdet_java.AppleTest" name="apple_search_TC002" time="24.250"/>
  <system-out/>
  <testcase classname="SDET_java_maintenanceUnosquare.sdet_java.AppleTest" name="apple_search_TC000" time="26.778"/>
  <system-out/>
  <testcase classname="SDET_java_maintenanceUnosquare.sdet_java.AppleTest" name="apple_search_TC001" time="24.444"/>
  <system-out/>
</testsuite> <!-- SDET_java_maintenanceUnosquare.sdet_java.AppleTest -->
